<?xml version="1.0" encoding="UTF-8"?>
<!-- Generated by org.testng.reporters.JUnitXMLReporter -->
<testsuite ignored="0" hostname="Preyal" failures="0" tests="3" name="Default test" time="11.759" errors="0" timestamp="2021-03-23T21:15:21 GMT-04:00">
  <testcase classname="cucumberAPI.ApiTestStarWarsPlanetSearch" name="TC_07_TestVelidData_ApiTestStarWarsPlanetSearch" time="9.927"/>
  <testcase classname="cucumberAPI.ApiTestStarWarsPlanetSearch" name="TC_08_TestInvalidInputData_ApiTestStarWarsPlanetSearch" time="0.922"/>
  <testcase classname="cucumberAPI.ApiTestStarWarsPlanetSearch" name="TC_09_TestNullInputData_ApiTestStarWarsPlanetSearch" time="0.764"/>
</testsuite> <!-- Default test -->
