<?xml version="1.0" encoding="UTF-8"?>
<!-- Generated by org.testng.reporters.JUnitXMLReporter -->
<testsuite ignored="0" hostname="Preyal" failures="0" tests="9" name="Test" time="14.153" errors="0" timestamp="2021-03-23T22:44:59 GMT-04:00">
  <testcase classname="cucumberAPI.ApiTestStarWarsPlanetSearch" name="TC_07_TestVelidData_ApiTestStarWarsPlanetSearch" time="7.96"/>
  <testcase classname="cucumberAPI.ApiTestStarWarsPlanetSearch" name="TC_08_TestInvalidInputData_ApiTestStarWarsPlanetSearch" time="0.788"/>
  <testcase classname="cucumberAPI.ApiTestStarWarsPlanetSearch" name="TC_09_TestNullInputData_ApiTestStarWarsPlanetSearch" time="0.743"/>
  <testcase classname="cucumberAPI.ApiTestAllStarWarsCharacters" name="TC_01_TestVelidData_AllStarWarsCharacters" time="0.794"/>
  <testcase classname="cucumberAPI.ApiTestAllStarWarsCharacters" name="TC_01_TestInvaliddata_AllStarWarsCharacters" time="0.734"/>
  <testcase classname="cucumberAPI.ApiTestAllStarWarsCharacters" name="TC_03_All_StarWars_char_NullInput" time="0.744"/>
  <testcase classname="cucumberAPI.APITestStarWarsCharacterDetails" name="TC_04_TestVelidData_StarWarsCharacterDetails" time="0.777"/>
  <testcase classname="cucumberAPI.APITestStarWarsCharacterDetails" name="TC_05_TestInvalidInputData_StarWarsCharacterDetails" time="0.722"/>
  <testcase classname="cucumberAPI.APITestStarWarsCharacterDetails" name="TC_06_TestNullData_StarWarsCharacterDetails" time="0.722"/>
</testsuite> <!-- Test -->
