<?xml version="1.0" encoding="UTF-8"?>
<testng-results ignored="0" total="9" passed="9" failed="0" skipped="0">
  <reporter-output>
  </reporter-output>
  <suite started-at="2021-03-23T22:44:45 GMT-04:00" name="Suite" finished-at="2021-03-23T22:44:59 GMT-04:00" duration-ms="14153">
    <groups>
    </groups>
    <test started-at="2021-03-23T22:44:45 GMT-04:00" name="Test" finished-at="2021-03-23T22:44:59 GMT-04:00" duration-ms="14153">
      <class name="cucumberAPI.ApiTestAllStarWarsCharacters">
        <test-method signature="TC_01_TestVelidData_AllStarWarsCharacters()[pri:1, instance:cucumberAPI.ApiTestAllStarWarsCharacters@6973b51b]" started-at="2021-03-23T22:44:55 GMT-04:00" name="TC_01_TestVelidData_AllStarWarsCharacters" finished-at="2021-03-23T22:44:55 GMT-04:00" duration-ms="794" status="PASS">
          <reporter-output>
          </reporter-output>
        </test-method> <!-- TC_01_TestVelidData_AllStarWarsCharacters -->
        <test-method signature="TC_01_TestInvaliddata_AllStarWarsCharacters()[pri:2, instance:cucumberAPI.ApiTestAllStarWarsCharacters@6973b51b]" started-at="2021-03-23T22:44:55 GMT-04:00" name="TC_01_TestInvaliddata_AllStarWarsCharacters" finished-at="2021-03-23T22:44:56 GMT-04:00" duration-ms="734" status="PASS">
          <reporter-output>
          </reporter-output>
        </test-method> <!-- TC_01_TestInvaliddata_AllStarWarsCharacters -->
        <test-method signature="TC_03_All_StarWars_char_NullInput()[pri:3, instance:cucumberAPI.ApiTestAllStarWarsCharacters@6973b51b]" started-at="2021-03-23T22:44:56 GMT-04:00" name="TC_03_All_StarWars_char_NullInput" finished-at="2021-03-23T22:44:57 GMT-04:00" duration-ms="744" status="PASS">
          <reporter-output>
          </reporter-output>
        </test-method> <!-- TC_03_All_StarWars_char_NullInput -->
      </class> <!-- cucumberAPI.ApiTestAllStarWarsCharacters -->
      <class name="cucumberAPI.APITestStarWarsCharacterDetails">
        <test-method signature="TC_04_TestVelidData_StarWarsCharacterDetails()[pri:0, instance:cucumberAPI.APITestStarWarsCharacterDetails@1ab3a8c8]" started-at="2021-03-23T22:44:57 GMT-04:00" name="TC_04_TestVelidData_StarWarsCharacterDetails" finished-at="2021-03-23T22:44:58 GMT-04:00" duration-ms="777" status="PASS">
          <reporter-output>
          </reporter-output>
        </test-method> <!-- TC_04_TestVelidData_StarWarsCharacterDetails -->
        <test-method signature="TC_05_TestInvalidInputData_StarWarsCharacterDetails()[pri:0, instance:cucumberAPI.APITestStarWarsCharacterDetails@1ab3a8c8]" started-at="2021-03-23T22:44:58 GMT-04:00" name="TC_05_TestInvalidInputData_StarWarsCharacterDetails" finished-at="2021-03-23T22:44:58 GMT-04:00" duration-ms="722" status="PASS">
          <reporter-output>
          </reporter-output>
        </test-method> <!-- TC_05_TestInvalidInputData_StarWarsCharacterDetails -->
        <test-method signature="TC_06_TestNullData_StarWarsCharacterDetails()[pri:0, instance:cucumberAPI.APITestStarWarsCharacterDetails@1ab3a8c8]" started-at="2021-03-23T22:44:58 GMT-04:00" name="TC_06_TestNullData_StarWarsCharacterDetails" finished-at="2021-03-23T22:44:59 GMT-04:00" duration-ms="722" status="PASS">
          <reporter-output>
          </reporter-output>
        </test-method> <!-- TC_06_TestNullData_StarWarsCharacterDetails -->
      </class> <!-- cucumberAPI.APITestStarWarsCharacterDetails -->
      <class name="cucumberAPI.ApiTestStarWarsPlanetSearch">
        <test-method signature="TC_07_TestVelidData_ApiTestStarWarsPlanetSearch()[pri:0, instance:cucumberAPI.ApiTestStarWarsPlanetSearch@1afd44cb]" started-at="2021-03-23T22:44:45 GMT-04:00" name="TC_07_TestVelidData_ApiTestStarWarsPlanetSearch" finished-at="2021-03-23T22:44:53 GMT-04:00" duration-ms="7960" status="PASS">
          <reporter-output>
          </reporter-output>
        </test-method> <!-- TC_07_TestVelidData_ApiTestStarWarsPlanetSearch -->
        <test-method signature="TC_08_TestInvalidInputData_ApiTestStarWarsPlanetSearch()[pri:0, instance:cucumberAPI.ApiTestStarWarsPlanetSearch@1afd44cb]" started-at="2021-03-23T22:44:53 GMT-04:00" name="TC_08_TestInvalidInputData_ApiTestStarWarsPlanetSearch" finished-at="2021-03-23T22:44:54 GMT-04:00" duration-ms="788" status="PASS">
          <reporter-output>
          </reporter-output>
        </test-method> <!-- TC_08_TestInvalidInputData_ApiTestStarWarsPlanetSearch -->
        <test-method signature="TC_09_TestNullInputData_ApiTestStarWarsPlanetSearch()[pri:0, instance:cucumberAPI.ApiTestStarWarsPlanetSearch@1afd44cb]" started-at="2021-03-23T22:44:54 GMT-04:00" name="TC_09_TestNullInputData_ApiTestStarWarsPlanetSearch" finished-at="2021-03-23T22:44:55 GMT-04:00" duration-ms="743" status="PASS">
          <reporter-output>
          </reporter-output>
        </test-method> <!-- TC_09_TestNullInputData_ApiTestStarWarsPlanetSearch -->
      </class> <!-- cucumberAPI.ApiTestStarWarsPlanetSearch -->
    </test> <!-- Test -->
  </suite> <!-- Suite -->
</testng-results>
